Start testing: Sep 11 22:28 EDT
----------------------------------------------------------
1/1 Testing: UnitTests
1/1 Test: UnitTests
Command: "/Users/shashank/finmath/build/runTests"
Directory: /Users/shashank/finmath/build
"UnitTests" start time: Sep 11 22:28 EDT
Output:
----------------------------------------------------------
Starting Unit Tests
Compound Interest Tests Passed!
Black-Scholes Tests Passed!
<end of output>
Test time =   0.47 sec
----------------------------------------------------------
Test Passed.
"UnitTests" end time: Sep 11 22:28 EDT
"UnitTests" time elapsed: 00:00:00
----------------------------------------------------------

End testing: Sep 11 22:28 EDT
